<?xml version="1.0" encoding="UTF-8"?>
<testng-results ignored="0" total="1" passed="1" failed="0" skipped="0">
  <reporter-output>
  </reporter-output>
  <suite started-at="2025-04-05T21:08:09 IST" name="Suite" finished-at="2025-04-05T21:08:19 IST" duration-ms="9708">
    <groups>
    </groups>
    <test started-at="2025-04-05T21:08:09 IST" name="Test" finished-at="2025-04-05T21:08:19 IST" duration-ms="9708">
      <class name="testPackage.TestFoodOrderFlow">
        <test-method is-config="true" signature="setUp()[pri:0, instance:testPackage.TestFoodOrderFlow@7fd50002]" started-at="2025-04-05T21:08:02 IST" name="setUp" finished-at="2025-04-05T21:08:09 IST" duration-ms="7462" status="PASS">
          <reporter-output>
          </reporter-output>
        </test-method> <!-- setUp -->
        <test-method signature="foodOrderingFlow()[pri:0, instance:testPackage.TestFoodOrderFlow@7fd50002]" started-at="2025-04-05T21:08:09 IST" name="foodOrderingFlow" finished-at="2025-04-05T21:08:19 IST" duration-ms="9367" status="PASS">
          <reporter-output>
          </reporter-output>
        </test-method> <!-- foodOrderingFlow -->
        <test-method is-config="true" signature="tearDown()[pri:0, instance:testPackage.TestFoodOrderFlow@7fd50002]" started-at="2025-04-05T21:08:19 IST" name="tearDown" finished-at="2025-04-05T21:08:20 IST" duration-ms="855" status="PASS">
          <reporter-output>
          </reporter-output>
        </test-method> <!-- tearDown -->
      </class> <!-- testPackage.TestFoodOrderFlow -->
    </test> <!-- Test -->
  </suite> <!-- Suite -->
</testng-results>
